<?xml version="1.0" encoding="UTF-8"?>
<!-- Generated by org.testng.reporters.JUnitReportReporter -->
<testsuite hostname="DESKTOP-RV90VQJ" failures="0" tests="1" name="tests.LoginTest" time="6.087" errors="0" timestamp="2025-07-26T22:35:55 GMT+03:00" skipped="0">
  <testcase classname="tests.LoginTest" name="testValidLogin" time="6.087"/>
</testsuite> <!-- tests.LoginTest -->
